# JRE version: Java(TM) SE Runtime Environment (8.0_261-b12) (build 1.8.0_261-b12)
# Java VM: Java HotSpot(TM) 64-Bit Server VM (25.261-b12 mixed mode windows-amd64 compressed oops)
Heap:
 PSYoungGen      total 160768K, used 121851K [0x000000076b000000, 0x0000000779a80000, 0x00000007c0000000)
  eden space 147968K, 74% used [0x000000076b000000,0x0000000771c00c18,0x0000000774080000)
  from space 12800K, 87% used [0x0000000774080000,0x0000000774b7e1a8,0x0000000774d00000)
  to   space 13824K, 0% used [0x0000000778d00000,0x0000000778d00000,0x0000000779a80000)
 ParOldGen       total 165888K, used 16484K [0x00000006c1000000, 0x00000006cb200000, 0x000000076b000000)
  object space 165888K, 9% used [0x00000006c1000000,0x00000006c2019028,0x00000006cb200000)
 Metaspace       used 47510K, capacity 49836K, committed 49968K, reserved 1093632K
  class space    used 5981K, capacity 6396K, committed 6448K, reserved 1048576K
GC Heap History (10 events):
Event: 1.564 GC heap before
{Heap before GC invocations=5 (full 1):
 PSYoungGen      total 76288K, used 65536K [0x000000076b000000, 0x0000000774500000, 0x00000007c0000000)
  eden space 65536K, 100% used [0x000000076b000000,0x000000076f000000,0x000000076f000000)
  from space 10752K, 0% used [0x000000076f000000,0x000000076f000000,0x000000076fa80000)
  to   space 10752K, 0% used [0x0000000773a80000,0x0000000773a80000,0x0000000774500000)
 ParOldGen       total 102400K, used 6501K [0x00000006c1000000, 0x00000006c7400000, 0x000000076b000000)
  object space 102400K, 6% used [0x00000006c1000000,0x00000006c1659600,0x00000006c7400000)
 Metaspace       used 23142K, capacity 24078K, committed 24368K, reserved 1071104K
  class space    used 3025K, capacity 3259K, committed 3376K, reserved 1048576K
Event: 1.568 GC heap after
Heap after GC invocations=5 (full 1):
 PSYoungGen      total 105472K, used 5220K [0x000000076b000000, 0x0000000774000000, 0x00000007c0000000)
  eden space 99840K, 0% used [0x000000076b000000,0x000000076b000000,0x0000000771180000)
  from space 5632K, 92% used [0x0000000773a80000,0x0000000773f992e8,0x0000000774000000)
  to   space 10752K, 0% used [0x0000000772b00000,0x0000000772b00000,0x0000000773580000)
 ParOldGen       total 102400K, used 6509K [0x00000006c1000000, 0x00000006c7400000, 0x000000076b000000)
  object space 102400K, 6% used [0x00000006c1000000,0x00000006c165b600,0x00000006c7400000)
 Metaspace       used 23142K, capacity 24078K, committed 24368K, reserved 1071104K
  class space    used 3025K, capacity 3259K, committed 3376K, reserved 1048576K
}
Event: 2.072 GC heap before
{Heap before GC invocations=6 (full 1):
 PSYoungGen      total 105472K, used 105060K [0x000000076b000000, 0x0000000774000000, 0x00000007c0000000)
  eden space 99840K, 100% used [0x000000076b000000,0x0000000771180000,0x0000000771180000)
  from space 5632K, 92% used [0x0000000773a80000,0x0000000773f992e8,0x0000000774000000)
  to   space 10752K, 0% used [0x0000000772b00000,0x0000000772b00000,0x0000000773580000)
 ParOldGen       total 102400K, used 6509K [0x00000006c1000000, 0x00000006c7400000, 0x000000076b000000)
  object space 102400K, 6% used [0x00000006c1000000,0x00000006c165b600,0x00000006c7400000)
 Metaspace       used 28505K, capacity 30052K, committed 30256K, reserved 1075200K
  class space    used 3773K, capacity 4066K, committed 4144K, reserved 1048576K
Event: 2.077 GC heap after
Heap after GC invocations=6 (full 1):
 PSYoungGen      total 136704K, used 9874K [0x000000076b000000, 0x0000000775780000, 0x00000007c0000000)
  eden space 125952K, 0% used [0x000000076b000000,0x000000076b000000,0x0000000772b00000)
  from space 10752K, 91% used [0x0000000772b00000,0x00000007734a4aa0,0x0000000773580000)
  to   space 10752K, 0% used [0x0000000774d00000,0x0000000774d00000,0x0000000775780000)
 ParOldGen       total 102400K, used 6517K [0x00000006c1000000, 0x00000006c7400000, 0x000000076b000000)
  object space 102400K, 6% used [0x00000006c1000000,0x00000006c165d600,0x00000006c7400000)
 Metaspace       used 28505K, capacity 30052K, committed 30256K, reserved 1075200K
  class space    used 3773K, capacity 4066K, committed 4144K, reserved 1048576K
}
Event: 2.591 GC heap before
{Heap before GC invocations=7 (full 1):
 PSYoungGen      total 136704K, used 112302K [0x000000076b000000, 0x0000000775780000, 0x00000007c0000000)
  eden space 125952K, 81% used [0x000000076b000000,0x0000000771406ea8,0x0000000772b00000)
  from space 10752K, 91% used [0x0000000772b00000,0x00000007734a4aa0,0x0000000773580000)
  to   space 10752K, 0% used [0x0000000774d00000,0x0000000774d00000,0x0000000775780000)
 ParOldGen       total 102400K, used 6517K [0x00000006c1000000, 0x00000006c7400000, 0x000000076b000000)
  object space 102400K, 6% used [0x00000006c1000000,0x00000006c165d600,0x00000006c7400000)
 Metaspace       used 33672K, capacity 35492K, committed 35496K, reserved 1079296K
  class space    used 4555K, capacity 4910K, committed 4912K, reserved 1048576K
Event: 2.598 GC heap after
Heap after GC invocations=7 (full 1):
 PSYoungGen      total 158720K, used 10723K [0x000000076b000000, 0x0000000778100000, 0x00000007c0000000)
  eden space 147968K, 0% used [0x000000076b000000,0x000000076b000000,0x0000000774080000)
  from space 10752K, 99% used [0x0000000774d00000,0x0000000775778fa0,0x0000000775780000)
  to   space 12800K, 0% used [0x0000000774080000,0x0000000774080000,0x0000000774d00000)
 ParOldGen       total 102400K, used 7635K [0x00000006c1000000, 0x00000006c7400000, 0x000000076b000000)
  object space 102400K, 7% used [0x00000006c1000000,0x00000006c1774c88,0x00000006c7400000)
 Metaspace       used 33672K, capacity 35492K, committed 35496K, reserved 1079296K
  class space    used 4555K, capacity 4910K, committed 4912K, reserved 1048576K
}
Event: 2.598 GC heap before
{Heap before GC invocations=8 (full 2):
 PSYoungGen      total 158720K, used 10723K [0x000000076b000000, 0x0000000778100000, 0x00000007c0000000)
  eden space 147968K, 0% used [0x000000076b000000,0x000000076b000000,0x0000000774080000)
  from space 10752K, 99% used [0x0000000774d00000,0x0000000775778fa0,0x0000000775780000)
  to   space 12800K, 0% used [0x0000000774080000,0x0000000774080000,0x0000000774d00000)
 ParOldGen       total 102400K, used 7635K [0x00000006c1000000, 0x00000006c7400000, 0x000000076b000000)
  object space 102400K, 7% used [0x00000006c1000000,0x00000006c1774c88,0x00000006c7400000)
 Metaspace       used 33672K, capacity 35492K, committed 35496K, reserved 1079296K
  class space    used 4555K, capacity 4910K, committed 4912K, reserved 1048576K
Event: 2.624 GC heap after
Heap after GC invocations=8 (full 2):
 PSYoungGen      total 158720K, used 0K [0x000000076b000000, 0x0000000778100000, 0x00000007c0000000)
  eden space 147968K, 0% used [0x000000076b000000,0x000000076b000000,0x0000000774080000)
  from space 10752K, 0% used [0x0000000774d00000,0x0000000774d00000,0x0000000775780000)
  to   space 12800K, 0% used [0x0000000774080000,0x0000000774080000,0x0000000774d00000)
 ParOldGen       total 165888K, used 16476K [0x00000006c1000000, 0x00000006cb200000, 0x000000076b000000)
  object space 165888K, 9% used [0x00000006c1000000,0x00000006c2017028,0x00000006cb200000)
 Metaspace       used 33672K, capacity 35492K, committed 35496K, reserved 1079296K
  class space    used 4555K, capacity 4910K, committed 4912K, reserved 1048576K
}
Event: 3.385 GC heap before
{Heap before GC invocations=9 (full 2):
 PSYoungGen      total 158720K, used 147968K [0x000000076b000000, 0x0000000778100000, 0x00000007c0000000)
  eden space 147968K, 100% used [0x000000076b000000,0x0000000774080000,0x0000000774080000)
  from space 10752K, 0% used [0x0000000774d00000,0x0000000774d00000,0x0000000775780000)
  to   space 12800K, 0% used [0x0000000774080000,0x0000000774080000,0x0000000774d00000)
 ParOldGen       total 165888K, used 16476K [0x00000006c1000000, 0x00000006cb200000, 0x000000076b000000)
  object space 165888K, 9% used [0x00000006c1000000,0x00000006c2017028,0x00000006cb200000)
 Metaspace       used 42165K, capacity 44358K, committed 44592K, reserved 1087488K
  class space    used 5440K, capacity 5838K, committed 5936K, reserved 1048576K
Event: 3.393 GC heap after
Heap after GC invocations=9 (full 2):
 PSYoungGen      total 160768K, used 11256K [0x000000076b000000, 0x0000000779a80000, 0x00000007c0000000)
  eden space 147968K, 0% used [0x000000076b000000,0x000000076b000000,0x0000000774080000)
  from space 12800K, 87% used [0x0000000774080000,0x0000000774b7e1a8,0x0000000774d00000)
  to   space 13824K, 0% used [0x0000000778d00000,0x0000000778d00000,0x0000000779a80000)
 ParOldGen       total 165888K, used 16484K [0x00000006c1000000, 0x00000006cb200000, 0x000000076b000000)
  object space 165888K, 9% used [0x00000006c1000000,0x00000006c2019028,0x00000006cb200000)
 Metaspace       used 42165K, capacity 44358K, committed 44592K, reserved 1087488K
  class space    used 5440K, capacity 5838K, committed 5936K, reserved 1048576K
}

